[0613/124305:ERROR:process_info.cc(608)] range at 0xff234000, size 0x230 fully unreadable
[0613/124305:ERROR:process_info.cc(608)] range at 0xff23e000, size 0xf84 fully unreadable
[0613/124305:ERROR:process_info.cc(608)] range at 0xff23b000, size 0xf84 fully unreadable
[0613/124305:ERROR:process_info.cc(608)] range at 0xff238000, size 0xf84 fully unreadable
[0613/124305:ERROR:process_info.cc(608)] range at 0xff0ff000, size 0xf84 fully unreadable
[0613/124305:ERROR:process_info.cc(608)] range at 0xff0fc000, size 0xf84 fully unreadable
[0613/124305:ERROR:process_info.cc(608)] range at 0xff0f9000, size 0xf84 fully unreadable
[0613/124305:ERROR:process_info.cc(608)] range at 0xff0f6000, size 0xf84 fully unreadable
[0613/124305:ERROR:process_info.cc(608)] range at 0xff0f3000, size 0xf84 fully unreadable
[0613/133357:ERROR:process_info.cc(330)] VirtualQueryEx: sQ┶C (0x5)
[0613/133357:ERROR:process_info.cc(547)] ReadMemoryInfo failed
[0613/133357:ERROR:process_info.cc(608)] range at 0xfea4c000, size 0x230 fully unreadable
[0613/133357:ERROR:process_info.cc(608)] range at 0x0, size 0x24 fully unreadable
[0613/133357:ERROR:process_reader_win.cc(232)] ReadMemory at 0x0 of 36 bytes failed: 度ЧΘ场だ ReadProcessMemory ┪ WriteProcessMemory nDC (0x12B)
[0613/133357:ERROR:process_snapshot_win.cc(357)] ReadMemory PEB_LDR_DATA
[0613/133357:ERROR:process_reader_win.cc(232)] ReadMemory at 0x0 of 784 bytes failed: 度ЧΘ场だ ReadProcessMemory ┪ WriteProcessMemory nDC (0x12B)
[0613/133357:ERROR:process_snapshot_win.cc(380)] ReadMemory RTL_USER_PROCESS_PARAMETERS
[0613/133357:ERROR:process_reader_win.cc(232)] ReadMemory at 0xf8b0000 of 64 bytes failed: 度ЧΘ场だ ReadProcessMemory ┪ WriteProcessMemory nDC (0x12B)
[0613/133357:WARNING:pe_image_reader.cc(280)] could not read dos header from C:\Program Files (x86)\Google\Chrome\Application\51.0.2704.84\chrome_child.dll
[0613/133357:ERROR:process_reader_win.cc(232)] ReadMemory at 0xf8b0000 of 64 bytes failed: 度ЧΘ场だ ReadProcessMemory ┪ WriteProcessMemory nDC (0x12B)
[0613/133357:WARNING:pe_image_reader.cc(280)] could not read dos header from C:\Program Files (x86)\Google\Chrome\Application\51.0.2704.84\chrome_child.dll
[0613/133357:ERROR:process_reader_win.cc(141)] SuspendThread: sQ┶C (0x5)
[0613/133357:ERROR:process_reader_win.cc(232)] ReadMemory at 0xf8b0000 of 64 bytes failed: 度ЧΘ场だ ReadProcessMemory ┪ WriteProcessMemory nDC (0x12B)
[0613/133357:WARNING:pe_image_reader.cc(280)] could not read dos header from C:\Program Files (x86)\Google\Chrome\Application\51.0.2704.84\chrome_child.dll
[0613/133357:ERROR:exception_snapshot_win.cc(57)] thread ID 0 not found in process
[0613/133357:WARNING:crash_report_exception_handler.cc(60)] ProcessSnapshotWin::InitializeException failed
[0613/133357:ERROR:scoped_process_suspend.cc(38)] NtResumeProcess, ntstatus=-1073741558
